{"D:\\Incubyte TDD Assessment\\src\\calculator.js": {"path":"D:\\Incubyte TDD Assessment\\src\\calculator.js","statementMap":{"0":{"start":{"line":1,"column":12},"end":{"line":23,"column":1}},"1":{"start":{"line":2,"column":15},"end":{"line":2,"column":16}},"2":{"start":{"line":3,"column":22},"end":{"line":3,"column":24}},"3":{"start":{"line":4,"column":2},"end":{"line":19,"column":3}},"4":{"start":{"line":4,"column":33},"end":{"line":4,"column":64}},"5":{"start":{"line":6,"column":4},"end":{"line":12,"column":5}},"6":{"start":{"line":7,"column":20},"end":{"line":7,"column":47}},"7":{"start":{"line":8,"column":24},"end":{"line":8,"column":57}},"8":{"start":{"line":9,"column":6},"end":{"line":9,"column":53}},"9":{"start":{"line":10,"column":23},"end":{"line":10,"column":50}},"10":{"start":{"line":11,"column":6},"end":{"line":11,"column":59}},"11":{"start":{"line":13,"column":4},"end":{"line":13,"column":53}},"12":{"start":{"line":14,"column":4},"end":{"line":18,"column":10}},"13":{"start":{"line":15,"column":6},"end":{"line":15,"column":62}},"14":{"start":{"line":15,"column":32},"end":{"line":15,"column":62}},"15":{"start":{"line":16,"column":6},"end":{"line":16,"column":56}},"16":{"start":{"line":16,"column":23},"end":{"line":16,"column":56}},"17":{"start":{"line":17,"column":6},"end":{"line":17,"column":43}},"18":{"start":{"line":20,"column":2},"end":{"line":22,"column":21}},"19":{"start":{"line":21,"column":4},"end":{"line":21,"column":71}},"20":{"start":{"line":22,"column":7},"end":{"line":22,"column":21}},"21":{"start":{"line":25,"column":0},"end":{"line":25,"column":21}}},"fnMap":{"0":{"name":"(anonymous_0)","decl":{"start":{"line":1,"column":12},"end":{"line":1,"column":13}},"loc":{"start":{"line":1,"column":37},"end":{"line":23,"column":1}},"line":1},"1":{"name":"(anonymous_1)","decl":{"start":{"line":14,"column":45},"end":{"line":14,"column":46}},"loc":{"start":{"line":14,"column":68},"end":{"line":18,"column":5}},"line":14}},"branchMap":{"0":{"loc":{"start":{"line":4,"column":2},"end":{"line":19,"column":3}},"type":"if","locations":[{"start":{"line":4,"column":2},"end":{"line":19,"column":3}},{"start":{"line":5,"column":7},"end":{"line":19,"column":3}}],"line":4},"1":{"loc":{"start":{"line":6,"column":4},"end":{"line":12,"column":5}},"type":"if","locations":[{"start":{"line":6,"column":4},"end":{"line":12,"column":5}},{"start":{},"end":{}}],"line":6},"2":{"loc":{"start":{"line":15,"column":6},"end":{"line":15,"column":62}},"type":"if","locations":[{"start":{"line":15,"column":6},"end":{"line":15,"column":62}},{"start":{},"end":{}}],"line":15},"3":{"loc":{"start":{"line":16,"column":6},"end":{"line":16,"column":56}},"type":"if","locations":[{"start":{"line":16,"column":6},"end":{"line":16,"column":56}},{"start":{},"end":{}}],"line":16},"4":{"loc":{"start":{"line":20,"column":2},"end":{"line":22,"column":21}},"type":"if","locations":[{"start":{"line":20,"column":2},"end":{"line":22,"column":21}},{"start":{"line":22,"column":7},"end":{"line":22,"column":21}}],"line":20}},"s":{"0":1,"1":10,"2":10,"3":10,"4":2,"5":8,"6":3,"7":3,"8":3,"9":3,"10":3,"11":8,"12":8,"13":28,"14":2,"15":28,"16":2,"17":26,"18":8,"19":1,"20":7,"21":1},"f":{"0":10,"1":28},"b":{"0":[2,8],"1":[3,5],"2":[2,26],"3":[2,26],"4":[1,7]},"_coverageSchema":"1a1c01bbd47fc00a2c39e90264f33305004495a9","hash":"9067567b10e0a5e73c58e3abf5fe78f00622e8cd"}
}
